{"/home/huynhdainhan/burningbros/infinite-load/src/apis/product.api.ts": {"path":"/home/huynhdainhan/burningbros/infinite-load/src/apis/product.api.ts","statementMap":{"0":{"start":{"line":1,"column":0},"end":{"line":1,"column":30}},"1":{"start":{"line":4,"column":27},"end":{"line":13,"column":1}},"2":{"start":{"line":5,"column":2},"end":{"line":12,"column":null}},"3":{"start":{"line":6,"column":25},"end":{"line":6,"column":34}},"4":{"start":{"line":7,"column":16},"end":{"line":7,"column":83}},"5":{"start":{"line":9,"column":4},"end":{"line":9,"column":null}},"6":{"start":{"line":11,"column":4},"end":{"line":11,"column":null}},"7":{"start":{"line":4,"column":13},"end":{"line":4,"column":27}}},"fnMap":{"0":{"name":"(anonymous_1)","decl":{"start":{"line":4,"column":27},"end":{"line":4,"column":32}},"loc":{"start":{"line":4,"column":82},"end":{"line":13,"column":1}}}},"branchMap":{"0":{"loc":{"start":{"line":4,"column":36},"end":{"line":4,"column":44}},"type":"default-arg","locations":[{"start":{"line":4,"column":43},"end":{"line":4,"column":44}}]},"1":{"loc":{"start":{"line":4,"column":46},"end":{"line":4,"column":57}},"type":"default-arg","locations":[{"start":{"line":4,"column":55},"end":{"line":4,"column":57}}]}},"s":{"0":1,"1":1,"2":3,"3":3,"4":3,"5":3,"6":0,"7":1},"f":{"0":3},"b":{"0":[0],"1":[0]}}
,"/home/huynhdainhan/burningbros/infinite-load/src/components/Product.tsx": {"path":"/home/huynhdainhan/burningbros/infinite-load/src/components/Product.tsx","statementMap":{"0":{"start":{"line":2,"column":0},"end":{"line":2,"column":45}},"1":{"start":{"line":5,"column":36},"end":{"line":64,"column":1}},"2":{"start":{"line":18,"column":2},"end":{"line":63,"column":null}},"3":{"start":{"line":53,"column":10},"end":{"line":54,"column":null}},"4":{"start":{"line":66,"column":0},"end":{"line":66,"column":null}}},"fnMap":{"0":{"name":"(anonymous_0)","decl":{"start":{"line":5,"column":36},"end":{"line":5,"column":37}},"loc":{"start":{"line":17,"column":5},"end":{"line":64,"column":1}}},"1":{"name":"(anonymous_1)","decl":{"start":{"line":52,"column":21},"end":{"line":52,"column":22}},"loc":{"start":{"line":53,"column":10},"end":{"line":54,"column":null}}}},"branchMap":{},"s":{"0":1,"1":1,"2":20,"3":86,"4":1},"f":{"0":20,"1":86},"b":{}}
,"/home/huynhdainhan/burningbros/infinite-load/src/components/ProductList.tsx": {"path":"/home/huynhdainhan/burningbros/infinite-load/src/components/ProductList.tsx","statementMap":{"0":{"start":{"line":2,"column":0},"end":{"line":2,"column":31}},"1":{"start":{"line":6,"column":44},"end":{"line":35,"column":1}},"2":{"start":{"line":7,"column":2},"end":{"line":34,"column":null}},"3":{"start":{"line":13,"column":8},"end":{"line":31,"column":10}},"4":{"start":{"line":14,"column":10},"end":{"line":30,"column":null}},"5":{"start":{"line":37,"column":0},"end":{"line":37,"column":null}}},"fnMap":{"0":{"name":"(anonymous_1)","decl":{"start":{"line":6,"column":44},"end":{"line":6,"column":45}},"loc":{"start":{"line":6,"column":57},"end":{"line":35,"column":1}}},"1":{"name":"(anonymous_2)","decl":{"start":{"line":12,"column":23},"end":{"line":12,"column":24}},"loc":{"start":{"line":13,"column":8},"end":{"line":31,"column":10}}},"2":{"name":"(anonymous_3)","decl":{"start":{"line":13,"column":26},"end":{"line":13,"column":27}},"loc":{"start":{"line":13,"column":38},"end":{"line":31,"column":9}}}},"branchMap":{},"s":{"0":1,"1":1,"2":1,"3":1,"4":20,"5":1},"f":{"0":1,"1":1,"2":20},"b":{}}
,"/home/huynhdainhan/burningbros/infinite-load/src/config/queryKey.ts": {"path":"/home/huynhdainhan/burningbros/infinite-load/src/config/queryKey.ts","statementMap":{"0":{"start":{"line":1,"column":13},"end":{"line":4,"column":null}},"1":{"start":{"line":3,"column":39},"end":{"line":3,"column":70}}},"fnMap":{"0":{"name":"(anonymous_0)","decl":{"start":{"line":3,"column":20},"end":{"line":3,"column":21}},"loc":{"start":{"line":3,"column":39},"end":{"line":3,"column":70}}}},"branchMap":{},"s":{"0":1,"1":4},"f":{"0":4},"b":{}}
,"/home/huynhdainhan/burningbros/infinite-load/src/hooks/useProductQuery.tsx": {"path":"/home/huynhdainhan/burningbros/infinite-load/src/hooks/useProductQuery.tsx","statementMap":{"0":{"start":{"line":1,"column":0},"end":{"line":1,"column":56}},"1":{"start":{"line":3,"column":0},"end":{"line":3,"column":46}},"2":{"start":{"line":5,"column":0},"end":{"line":5,"column":47}},"3":{"start":{"line":7,"column":31},"end":{"line":15,"column":1}},"4":{"start":{"line":8,"column":2},"end":{"line":14,"column":null}},"5":{"start":{"line":10,"column":67},"end":{"line":10,"column":89}},"6":{"start":{"line":12,"column":6},"end":{"line":12,"column":null}},"7":{"start":{"line":7,"column":13},"end":{"line":7,"column":31}}},"fnMap":{"0":{"name":"(anonymous_0)","decl":{"start":{"line":7,"column":31},"end":{"line":7,"column":32}},"loc":{"start":{"line":7,"column":55},"end":{"line":15,"column":1}}},"1":{"name":"(anonymous_1)","decl":{"start":{"line":10,"column":13},"end":{"line":10,"column":14}},"loc":{"start":{"line":10,"column":67},"end":{"line":10,"column":89}}},"2":{"name":"(anonymous_2)","decl":{"start":{"line":11,"column":22},"end":{"line":11,"column":23}},"loc":{"start":{"line":11,"column":44},"end":{"line":13,"column":5}}}},"branchMap":{"0":{"loc":{"start":{"line":10,"column":16},"end":{"line":10,"column":60}},"type":"default-arg","locations":[{"start":{"line":10,"column":28},"end":{"line":10,"column":60}}]},"1":{"loc":{"start":{"line":12,"column":13},"end":{"line":12,"column":103}},"type":"cond-expr","locations":[{"start":{"line":12,"column":46},"end":{"line":12,"column":91}},{"start":{"line":12,"column":94},"end":{"line":12,"column":103}}]}},"s":{"0":1,"1":1,"2":1,"3":1,"4":4,"5":3,"6":14,"7":1},"f":{"0":4,"1":3,"2":14},"b":{"0":[2],"1":[14,0]}}
,"/home/huynhdainhan/burningbros/infinite-load/src/test/mock.ts": {"path":"/home/huynhdainhan/burningbros/infinite-load/src/test/mock.ts","statementMap":{"0":{"start":{"line":1,"column":13},"end":{"line":379,"column":null}},"1":{"start":{"line":381,"column":13},"end":{"line":762,"column":null}}},"fnMap":{},"branchMap":{},"s":{"0":1,"1":1},"f":{},"b":{}}
,"/home/huynhdainhan/burningbros/infinite-load/src/utils/formatter.ts": {"path":"/home/huynhdainhan/burningbros/infinite-load/src/utils/formatter.ts","statementMap":{"0":{"start":{"line":1,"column":13},"end":{"line":4,"column":null}}},"fnMap":{},"branchMap":{},"s":{"0":1},"f":{},"b":{}}
,"/home/huynhdainhan/burningbros/infinite-load/src/utils/http.ts": {"path":"/home/huynhdainhan/burningbros/infinite-load/src/utils/http.ts","statementMap":{"0":{"start":{"line":1,"column":0},"end":{"line":1,"column":25}},"1":{"start":{"line":2,"column":0},"end":{"line":2,"column":43}},"2":{"start":{"line":4,"column":13},"end":{"line":10,"column":2}},"3":{"start":{"line":12,"column":0},"end":{"line":12,"column":null}}},"fnMap":{},"branchMap":{},"s":{"0":1,"1":1,"2":1,"3":1},"f":{},"b":{}}
}
