TN:
SF:src/apis/product.api.ts
FN:4,(anonymous_1)
FNF:1
FNH:1
FNDA:3,(anonymous_1)
DA:1,1
DA:4,1
DA:5,3
DA:6,3
DA:7,3
DA:9,3
DA:11,0
LF:7
LH:6
BRDA:4,0,0,0
BRDA:4,1,0,0
BRF:2
BRH:0
end_of_record
TN:
SF:src/components/Product.tsx
FN:5,(anonymous_0)
FN:52,(anonymous_1)
FNF:2
FNH:2
FNDA:20,(anonymous_0)
FNDA:86,(anonymous_1)
DA:2,1
DA:5,1
DA:18,20
DA:53,86
DA:66,1
LF:5
LH:5
BRF:0
BRH:0
end_of_record
TN:
SF:src/components/ProductList.tsx
FN:6,(anonymous_1)
FN:12,(anonymous_2)
FN:13,(anonymous_3)
FNF:3
FNH:3
FNDA:1,(anonymous_1)
FNDA:1,(anonymous_2)
FNDA:20,(anonymous_3)
DA:2,1
DA:6,1
DA:7,1
DA:13,1
DA:14,20
DA:37,1
LF:6
LH:6
BRF:0
BRH:0
end_of_record
TN:
SF:src/config/queryKey.ts
FN:3,(anonymous_0)
FNF:1
FNH:1
FNDA:4,(anonymous_0)
DA:1,1
DA:3,4
LF:2
LH:2
BRF:0
BRH:0
end_of_record
TN:
SF:src/hooks/useProductQuery.tsx
FN:7,(anonymous_0)
FN:10,(anonymous_1)
FN:11,(anonymous_2)
FNF:3
FNH:3
FNDA:4,(anonymous_0)
FNDA:3,(anonymous_1)
FNDA:14,(anonymous_2)
DA:1,1
DA:3,1
DA:5,1
DA:7,1
DA:8,4
DA:10,3
DA:12,14
LF:7
LH:7
BRDA:10,0,0,2
BRDA:12,1,0,14
BRDA:12,1,1,0
BRF:3
BRH:2
end_of_record
TN:
SF:src/test/mock.ts
FNF:0
FNH:0
DA:1,1
DA:381,1
LF:2
LH:2
BRF:0
BRH:0
end_of_record
TN:
SF:src/utils/formatter.ts
FNF:0
FNH:0
DA:1,1
LF:1
LH:1
BRF:0
BRH:0
end_of_record
TN:
SF:src/utils/http.ts
FNF:0
FNH:0
DA:1,1
DA:2,1
DA:4,1
DA:12,1
LF:4
LH:4
BRF:0
BRH:0
end_of_record
